<?xml version="1.0" encoding="UTF-8"?>
<testng-results ignored="0" total="2" passed="2" failed="0" skipped="0">
  <reporter-output>
  </reporter-output>
  <suite started-at="2021-11-28T11:57:34 PST" name="Default suite" finished-at="2021-11-28T11:57:34 PST" duration-ms="50">
    <groups>
    </groups>
    <test started-at="2021-11-28T11:57:34 PST" name="Default test" finished-at="2021-11-28T11:57:34 PST" duration-ms="50">
      <class name="LearningTestNG.TestNGAnnotation_2">
        <test-method is-config="true" signature="beforeSuite()[pri:0, instance:LearningTestNG.TestNGAnnotation_2@4e096385]" started-at="2021-11-28T11:57:34 PST" name="beforeSuite" finished-at="2021-11-28T11:57:34 PST" duration-ms="9" status="PASS">
          <reporter-output>
          </reporter-output>
        </test-method> <!-- beforeSuite -->
        <test-method is-config="true" signature="beforeTest()[pri:0, instance:LearningTestNG.TestNGAnnotation_2@4e096385]" started-at="2021-11-28T11:57:34 PST" name="beforeTest" finished-at="2021-11-28T11:57:34 PST" duration-ms="0" status="PASS">
          <reporter-output>
          </reporter-output>
        </test-method> <!-- beforeTest -->
        <test-method is-config="true" signature="beforeClass()[pri:0, instance:LearningTestNG.TestNGAnnotation_2@4e096385]" started-at="2021-11-28T11:57:34 PST" name="beforeClass" finished-at="2021-11-28T11:57:34 PST" duration-ms="0" status="PASS">
          <reporter-output>
          </reporter-output>
        </test-method> <!-- beforeClass -->
        <test-method signature="test3()[pri:0, instance:LearningTestNG.TestNGAnnotation_2@4e096385]" started-at="2021-11-28T11:57:34 PST" name="test3" finished-at="2021-11-28T11:57:34 PST" duration-ms="8" status="PASS">
          <reporter-output>
          </reporter-output>
        </test-method> <!-- test3 -->
        <test-method is-config="true" signature="afterClass()[pri:0, instance:LearningTestNG.TestNGAnnotation_2@4e096385]" started-at="2021-11-28T11:57:34 PST" name="afterClass" finished-at="2021-11-28T11:57:34 PST" duration-ms="0" status="PASS">
          <reporter-output>
          </reporter-output>
        </test-method> <!-- afterClass -->
        <test-method is-config="true" signature="afterTest()[pri:0, instance:LearningTestNG.TestNGAnnotation_2@4e096385]" started-at="2021-11-28T11:57:34 PST" name="afterTest" finished-at="2021-11-28T11:57:34 PST" duration-ms="0" status="PASS">
          <reporter-output>
          </reporter-output>
        </test-method> <!-- afterTest -->
        <test-method is-config="true" signature="afterSuite()[pri:0, instance:LearningTestNG.TestNGAnnotation_2@4e096385]" started-at="2021-11-28T11:57:34 PST" name="afterSuite" finished-at="2021-11-28T11:57:34 PST" duration-ms="1" status="PASS">
          <reporter-output>
          </reporter-output>
        </test-method> <!-- afterSuite -->
      </class> <!-- LearningTestNG.TestNGAnnotation_2 -->
      <class name="LearningTestNG.TestNGAnnotation_1">
        <test-method is-config="true" signature="beforeClass()[pri:0, instance:LearningTestNG.TestNGAnnotation_1@306f16f3]" started-at="2021-11-28T11:57:34 PST" name="beforeClass" finished-at="2021-11-28T11:57:34 PST" duration-ms="1" status="PASS">
          <reporter-output>
          </reporter-output>
        </test-method> <!-- beforeClass -->
        <test-method is-config="true" signature="beforeMethod()[pri:0, instance:LearningTestNG.TestNGAnnotation_1@306f16f3]" started-at="2021-11-28T11:57:34 PST" name="beforeMethod" finished-at="2021-11-28T11:57:34 PST" duration-ms="0" status="PASS">
          <reporter-output>
          </reporter-output>
        </test-method> <!-- beforeMethod -->
        <test-method signature="test1()[pri:0, instance:LearningTestNG.TestNGAnnotation_1@306f16f3]" started-at="2021-11-28T11:57:34 PST" name="test1" finished-at="2021-11-28T11:57:34 PST" duration-ms="1" status="PASS">
          <reporter-output>
          </reporter-output>
        </test-method> <!-- test1 -->
        <test-method is-config="true" signature="afterMethod()[pri:0, instance:LearningTestNG.TestNGAnnotation_1@306f16f3]" started-at="2021-11-28T11:57:34 PST" name="afterMethod" finished-at="2021-11-28T11:57:34 PST" duration-ms="0" status="PASS">
          <reporter-output>
          </reporter-output>
        </test-method> <!-- afterMethod -->
        <test-method is-config="true" signature="AfterClass()[pri:0, instance:LearningTestNG.TestNGAnnotation_1@306f16f3]" started-at="2021-11-28T11:57:34 PST" name="AfterClass" finished-at="2021-11-28T11:57:34 PST" duration-ms="1" status="PASS">
          <reporter-output>
          </reporter-output>
        </test-method> <!-- AfterClass -->
      </class> <!-- LearningTestNG.TestNGAnnotation_1 -->
    </test> <!-- Default test -->
  </suite> <!-- Default suite -->
</testng-results>
